0 info it worked if it ends with ok
1 verbose cli [ 'C:\\Program Files\\nodejs\\node.exe',
1 verbose cli   'C:\\Program Files\\nodejs\\node_modules\\npm\\bin\\npm-cli.js',
1 verbose cli   'start' ]
2 info using npm@3.10.10
3 info using node@v6.10.0
4 verbose run-script [ 'prestart', 'start', 'poststart' ]
5 info lifecycle final-project@1.0.0~prestart: final-project@1.0.0
6 verbose lifecycle final-project@1.0.0~prestart: unsafe-perm in lifecycle true
7 verbose lifecycle final-project@1.0.0~prestart: PATH: C:\Program Files\nodejs\node_modules\npm\bin\node-gyp-bin;C:\Users\Alexander\Documents\CS 290\final\node_modules\.bin;E:\Programs\ImageMagick-7.0.5-Q16;C:\Program Files (x86)\Intel\iCLS Client\;C:\Program Files\Intel\iCLS Client\;C:\ProgramData\Oracle\Java\javapath;C:\WINDOWS\system32;C:\WINDOWS;C:\Users\Alexander\AppData\Local\Programs\Python\Python36;C:\Users\Alexander\AppData\Local\Programs\Python\Python36\Scripts;C:\Users\Alexander\AppData\Local\Programs\Python\Python36\Lib\site-packages;C:\Program Files\nodejs\;C:\python\Scripts\;C:\python\;C:\Users\Alexander\AppData\Local\Microsoft\WindowsApps;C:\Users\Alexander\AppData\Roaming\npm;C:\adb;C:\Program Files (x86)\Intel\Intel(R) Management Engine Components\DAL;C:\Program Files\Intel\Intel(R) Management Engine Components\DAL;C:\Program Files (x86)\Intel\Intel(R) Management Engine Components\IPT;C:\Program Files\Intel\Intel(R) Management Engine Components\IPT;C:\Program Files (x86)\NVIDIA Corporation\PhysX\Common;C:\Program Files\Git\cmd;C:\Program Files\PuTTY\;C:\Program Files\Amazon\AWSCLI\;C:\python\Scripts\;C:\python\;C:\Users\Alexander\AppData\Local\Microsoft\WindowsApps;C:\Users\Alexander\AppData\Roaming\npm;C:\Program Files (x86)\SVP 4\mpv64;C:\Users\Alexander\AppData\Local\atom\bin
8 verbose lifecycle final-project@1.0.0~prestart: CWD: C:\Users\Alexander\Documents\CS 290\final
9 silly lifecycle final-project@1.0.0~prestart: Args: [ '/d /s /c', 'npm run build' ]
10 silly lifecycle final-project@1.0.0~prestart: Returned: code: 1  signal: null
11 info lifecycle final-project@1.0.0~prestart: Failed to exec prestart script
12 verbose stack Error: final-project@1.0.0 prestart: `npm run build`
12 verbose stack Exit status 1
12 verbose stack     at EventEmitter.<anonymous> (C:\Program Files\nodejs\node_modules\npm\lib\utils\lifecycle.js:255:16)
12 verbose stack     at emitTwo (events.js:106:13)
12 verbose stack     at EventEmitter.emit (events.js:191:7)
12 verbose stack     at ChildProcess.<anonymous> (C:\Program Files\nodejs\node_modules\npm\lib\utils\spawn.js:40:14)
12 verbose stack     at emitTwo (events.js:106:13)
12 verbose stack     at ChildProcess.emit (events.js:191:7)
12 verbose stack     at maybeClose (internal/child_process.js:877:16)
12 verbose stack     at Process.ChildProcess._handle.onexit (internal/child_process.js:226:5)
13 verbose pkgid final-project@1.0.0
14 verbose cwd C:\Users\Alexander\Documents\CS 290\final
15 error Windows_NT 10.0.14393
16 error argv "C:\\Program Files\\nodejs\\node.exe" "C:\\Program Files\\nodejs\\node_modules\\npm\\bin\\npm-cli.js" "start"
17 error node v6.10.0
18 error npm  v3.10.10
19 error code ELIFECYCLE
20 error final-project@1.0.0 prestart: `npm run build`
20 error Exit status 1
21 error Failed at the final-project@1.0.0 prestart script 'npm run build'.
21 error Make sure you have the latest version of node.js and npm installed.
21 error If you do, this is most likely a problem with the final-project package,
21 error not with npm itself.
21 error Tell the author that this fails on your system:
21 error     npm run build
21 error You can get information on how to open an issue for this project with:
21 error     npm bugs final-project
21 error Or if that isn't available, you can get their info via:
21 error     npm owner ls final-project
21 error There is likely additional logging output above.
22 verbose exit [ 1, true ]
